<?xml version="1.0" encoding="UTF-8"?>
<!-- Generated by org.testng.reporters.JUnitReportReporter -->
<testsuite hostname="YolandeH-Dell2" failures="0" tests="3" name="loans.PersonalLoan2" time="0.002" errors="0" timestamp="2022-03-23T21:46:28 SAST" skipped="0">
  <testcase classname="loans.PersonalLoan2" name="personalLoan3" time="0.001"/>
  <system-out/>
  <testcase classname="loans.PersonalLoan2" name="personalLoan4" time="0.001"/>
  <system-out/>
  <testcase classname="loans.PersonalLoan2" name="personalLoan5" time="0.000"/>
  <system-out/>
</testsuite> <!-- loans.PersonalLoan2 -->
