<?xml version="1.0" encoding="UTF-8"?>
<!-- Generated by org.testng.reporters.JUnitReportReporter -->
<testsuite hostname="YolandeH-Dell2" failures="0" tests="1" name="loans.VehicleLoan1" time="0.002" errors="0" timestamp="2022-03-31T18:15:09 SAST" skipped="0">
  <testcase classname="loans.VehicleLoan1" name="vehicleLoan2" time="0.002"/>
  <system-out/>
</testsuite> <!-- loans.VehicleLoan1 -->
