<?xml version="1.0" encoding="UTF-8"?>
<!-- Generated by org.testng.reporters.JUnitReportReporter -->
<testsuite hostname="YolandeH-Dell2" failures="0" tests="11" name="annotationTest.TestClass1" time="0.017" errors="0" timestamp="2022-03-29T21:47:56 SAST" skipped="0">
  <testcase classname="annotationTest.TestClass1" name="test2a" time="0.001"/>
  <system-out/>
  <testcase classname="annotationTest.TestClass1" name="test4a" time="0.000"/>
  <system-out/>
  <testcase classname="annotationTest.TestClass1" name="test10a" time="0.004"/>
  <system-out/>
  <testcase classname="annotationTest.TestClass1" name="test1a" time="0.001"/>
  <system-out/>
  <testcase classname="annotationTest.TestClass1" name="test12a" time="0.001"/>
  <system-out/>
  <testcase classname="annotationTest.TestClass1" name="test6a" time="0.001"/>
  <system-out/>
  <testcase classname="annotationTest.TestClass1" name="test3a" time="0.002"/>
  <system-out/>
  <testcase classname="annotationTest.TestClass1" name="test8a" time="0.000"/>
  <system-out/>
  <testcase classname="annotationTest.TestClass1" name="test5a" time="0.005"/>
  <system-out/>
  <testcase classname="annotationTest.TestClass1" name="test9a" time="0.001"/>
  <system-out/>
  <testcase classname="annotationTest.TestClass1" name="test11a" time="0.001"/>
  <system-out/>
</testsuite> <!-- annotationTest.TestClass1 -->
