<?xml version="1.0" encoding="UTF-8"?>
<!-- Generated by org.testng.reporters.JUnitReportReporter -->
<testsuite hostname="YolandeH-Dell2" failures="0" tests="1" name="annotationTest.Car_loan" time="0.002" errors="0" timestamp="2022-03-27T16:19:24 SAST" skipped="0">
  <testcase classname="annotationTest.Car_loan" name="APILoginCarLoan" time="0.002"/>
  <system-out/>
</testsuite> <!-- annotationTest.Car_loan -->
