<?xml version="1.0" encoding="UTF-8"?>
<!-- Generated by org.testng.reporters.JUnitReportReporter -->
<testsuite hostname="YolandeH-Dell2" failures="0" tests="2" name="annotations.Personal_loan" time="0.007" errors="0" timestamp="2022-03-26T17:03:29 SAST" skipped="0">
  <testcase classname="annotations.Personal_loan" name="MobileLoginPersonalLoan" time="0.001"/>
  <system-out/>
  <testcase classname="annotations.Personal_loan" name="WebLoginPersonalLoan" time="0.006"/>
  <system-out/>
</testsuite> <!-- annotations.Personal_loan -->
