<?xml version="1.0" encoding="UTF-8"?>
<!-- Generated by org.testng.reporters.JUnitReportReporter -->
<testsuite hostname="YolandeH-Dell2" failures="0" tests="2" name="first.SecondTestNgTest" time="0.003" errors="0" timestamp="2022-03-22T15:45:27 SAST" skipped="0">
  <testcase classname="first.SecondTestNgTest" name="fourth" time="0.002"/>
  <system-out/>
  <testcase classname="first.SecondTestNgTest" name="third" time="0.001"/>
  <system-out/>
</testsuite> <!-- first.SecondTestNgTest -->
