<?xml version="1.0" encoding="UTF-8"?>
<!-- Generated by org.testng.reporters.JUnitReportReporter -->
<testsuite hostname="YolandeH-Dell2" failures="0" tests="1" name="annotations.Car_loan" time="0.000" errors="0" timestamp="2022-03-26T17:03:29 SAST" skipped="0">
  <testcase classname="annotations.Car_loan" name="APILoginCarLoan" time="0.000"/>
  <system-out/>
</testsuite> <!-- annotations.Car_loan -->
