<?xml version="1.0" encoding="UTF-8"?>
<!-- Generated by org.testng.reporters.JUnitReportReporter -->
<testsuite hostname="YolandeH-Dell2" failures="0" tests="1" name="annotationTest.Home_loan" time="0.003" errors="0" timestamp="2022-03-27T16:19:24 SAST" skipped="0">
  <testcase classname="annotationTest.Home_loan" name="MobileLoginHomeLoan" time="0.003"/>
  <system-out/>
</testsuite> <!-- annotationTest.Home_loan -->
