<?xml version="1.0" encoding="UTF-8"?>
<!-- Generated by org.testng.reporters.JUnitReportReporter -->
<testsuite hostname="YolandeH-Dell2" failures="0" tests="2" name="loans.VehicleLoan1" time="0.001" errors="0" timestamp="2022-03-26T22:38:09 SAST" skipped="0">
  <testcase classname="loans.VehicleLoan1" name="vehicleLoan1" time="0.001"/>
  <system-out/>
  <testcase classname="loans.VehicleLoan1" name="vehicleLoan2" time="0.000"/>
  <system-out/>
</testsuite> <!-- loans.VehicleLoan1 -->
