<?xml version="1.0" encoding="UTF-8"?>
<!-- Generated by org.testng.reporters.JUnitReportReporter -->
<testsuite hostname="YolandeH-Dell2" failures="0" tests="3" name="loans.VehicleLoan2" time="0.003" errors="0" timestamp="2022-03-26T22:38:09 SAST" skipped="0">
  <testcase classname="loans.VehicleLoan2" name="vehicleLoan5" time="0.001"/>
  <system-out/>
  <testcase classname="loans.VehicleLoan2" name="vehicleLoan4" time="0.001"/>
  <system-out/>
  <testcase classname="loans.VehicleLoan2" name="vehicleLoan3" time="0.001"/>
  <system-out/>
</testsuite> <!-- loans.VehicleLoan2 -->
