<?xml version="1.0" encoding="UTF-8"?>
<!-- Generated by org.testng.reporters.JUnitReportReporter -->
<testsuite hostname="YolandeH-Dell2" failures="0" tests="1" name="loans.PersonalLoan1" time="0.001" errors="0" timestamp="2022-03-31T18:15:09 SAST" skipped="0">
  <testcase classname="loans.PersonalLoan1" name="personalLoan2" time="0.001"/>
  <system-out/>
</testsuite> <!-- loans.PersonalLoan1 -->
