<?xml version="1.0" encoding="UTF-8"?>
<!-- Generated by org.testng.reporters.JUnitReportReporter -->
<testsuite hostname="YolandeH-Dell2" failures="0" tests="10" name="annotationTest.TestClass3" time="0.017" errors="0" timestamp="2022-03-29T21:47:56 SAST" skipped="0">
  <testcase classname="annotationTest.TestClass3" name="test5c" time="0.001"/>
  <system-out/>
  <testcase classname="annotationTest.TestClass3" name="test10c" time="0.001"/>
  <system-out/>
  <testcase classname="annotationTest.TestClass3" name="test7c" time="0.001"/>
  <system-out/>
  <testcase classname="annotationTest.TestClass3" name="test11c" time="0.002"/>
  <system-out/>
  <testcase classname="annotationTest.TestClass3" name="test9c" time="0.002"/>
  <system-out/>
  <testcase classname="annotationTest.TestClass3" name="test2c" time="0.002"/>
  <system-out/>
  <testcase classname="annotationTest.TestClass3" name="test6c" time="0.002"/>
  <system-out/>
  <testcase classname="annotationTest.TestClass3" name="test3c" time="0.001"/>
  <system-out/>
  <testcase classname="annotationTest.TestClass3" name="test4c" time="0.003"/>
  <system-out/>
  <testcase classname="annotationTest.TestClass3" name="test12c" time="0.002"/>
  <system-out/>
</testsuite> <!-- annotationTest.TestClass3 -->
