<?xml version="1.0" encoding="UTF-8"?>
<!-- Generated by org.testng.reporters.JUnitReportReporter -->
<testsuite hostname="YolandeH-Dell2" failures="0" tests="2" name="first.ThirdTestNgTest" time="0.002" errors="0" timestamp="2022-03-31T18:14:00 SAST" skipped="0">
  <testcase classname="first.ThirdTestNgTest" name="fifth" time="0.001"/>
  <system-out/>
  <testcase classname="first.ThirdTestNgTest" name="sixth" time="0.001"/>
  <system-out/>
</testsuite> <!-- first.ThirdTestNgTest -->
