<?xml version="1.0" encoding="UTF-8"?>
<!-- Generated by org.testng.reporters.JUnitReportReporter -->
<testsuite hostname="YolandeH-Dell2" failures="0" tests="2" name="first.FirstTestNgTest" time="0.008" errors="0" timestamp="2022-03-22T15:45:27 SAST" skipped="0">
  <testcase classname="first.FirstTestNgTest" name="first1" time="0.007"/>
  <system-out/>
  <testcase classname="first.FirstTestNgTest" name="second2" time="0.001"/>
  <system-out/>
</testsuite> <!-- first.FirstTestNgTest -->
