<?xml version="1.0" encoding="UTF-8"?>
<!-- Generated by org.testng.reporters.JUnitReportReporter -->
<testsuite hostname="YolandeH-Dell2" failures="0" tests="10" name="annotationTest.TestClass2" time="0.007" errors="0" timestamp="2022-03-29T21:47:56 SAST" skipped="0">
  <testcase classname="annotationTest.TestClass2" name="test10b" time="0.001"/>
  <system-out/>
  <testcase classname="annotationTest.TestClass2" name="test8b" time="0.001"/>
  <system-out/>
  <testcase classname="annotationTest.TestClass2" name="test4b" time="0.001"/>
  <system-out/>
  <testcase classname="annotationTest.TestClass2" name="test3b" time="0.001"/>
  <system-out/>
  <testcase classname="annotationTest.TestClass2" name="test9b" time="0.000"/>
  <system-out/>
  <testcase classname="annotationTest.TestClass2" name="test11b" time="0.001"/>
  <system-out/>
  <testcase classname="annotationTest.TestClass2" name="test12b" time="0.000"/>
  <system-out/>
  <testcase classname="annotationTest.TestClass2" name="test1b" time="0.001"/>
  <system-out/>
  <testcase classname="annotationTest.TestClass2" name="test6b" time="0.001"/>
  <system-out/>
  <testcase classname="annotationTest.TestClass2" name="test2b" time="0.000"/>
  <system-out/>
</testsuite> <!-- annotationTest.TestClass2 -->
