<?xml version="1.0" encoding="UTF-8"?>
<!-- Generated by org.testng.reporters.JUnitReportReporter -->
<testsuite hostname="YolandeH-Dell2" failures="0" tests="3" name="loans.HomeLoan1" time="0.006" errors="0" timestamp="2022-03-26T22:38:09 SAST" skipped="0">
  <testcase classname="loans.HomeLoan1" name="homeLoan2" time="0.001"/>
  <system-out/>
  <testcase classname="loans.HomeLoan1" name="homeLoan1" time="0.004"/>
  <system-out/>
  <testcase classname="loans.HomeLoan1" name="myParameters" time="0.001"/>
  <system-out/>
</testsuite> <!-- loans.HomeLoan1 -->
