<?xml version="1.0" encoding="UTF-8"?>
<!-- Generated by org.testng.reporters.JUnitReportReporter -->
<testsuite hostname="YolandeH-Dell2" failures="0" tests="2" name="annotationTest.Personal_loan" time="0.008" errors="0" timestamp="2022-03-29T15:13:14 SAST" skipped="0">
  <testcase classname="annotationTest.Personal_loan" name="WebLoginPersonalLoan" time="0.001"/>
  <system-out/>
  <testcase classname="annotationTest.Personal_loan" name="MobileLoginPersonalLoan" time="0.007"/>
  <system-out/>
</testsuite> <!-- annotationTest.Personal_loan -->
