<?xml version="1.0" encoding="UTF-8"?>
<!-- Generated by org.testng.reporters.JUnitReportReporter -->
<testsuite hostname="YolandeH-Dell2" failures="0" tests="1" name="annotationTest.Car_loan" time="0.001" errors="0" timestamp="2022-03-29T15:13:14 SAST" skipped="0">
  <testcase classname="annotationTest.Car_loan" name="APILoginCarLoan" time="0.001"/>
  <system-out/>
</testsuite> <!-- annotationTest.Car_loan -->
