<?xml version="1.0" encoding="UTF-8"?>
<!-- Generated by org.testng.reporters.JUnitReportReporter -->
<testsuite hostname="YolandeH-Dell2" failures="0" tests="3" name="dataProviders.HomeLoan1FraudTest" time="0.007" errors="0" timestamp="2022-03-26T23:21:05 SAST" skipped="0">
  <testcase classname="dataProviders.HomeLoan1FraudTest" name="homeLoan1FraudTest" time="0.001"/>
  <system-out/>
  <testcase classname="dataProviders.HomeLoan1FraudTest" name="homeLoan1FraudTest" time="0.005"/>
  <system-out/>
  <testcase classname="dataProviders.HomeLoan1FraudTest" name="homeLoan1FraudTest" time="0.001"/>
  <system-out/>
</testsuite> <!-- dataProviders.HomeLoan1FraudTest -->
