<?xml version="1.0" encoding="UTF-8"?>
<!-- Generated by org.testng.reporters.JUnitReportReporter -->
<testsuite hostname="YolandeH-Dell2" failures="0" tests="3" name="loans.HomeLoan2" time="0.005" errors="0" timestamp="2022-03-26T12:33:15 SAST" skipped="0">
  <testcase classname="loans.HomeLoan2" name="homeLoan3" time="0.001"/>
  <system-out/>
  <testcase classname="loans.HomeLoan2" name="homeLoanFraudTest" time="0.002"/>
  <system-out/>
  <testcase classname="loans.HomeLoan2" name="homeLoan4" time="0.002"/>
  <system-out/>
</testsuite> <!-- loans.HomeLoan2 -->
