<?xml version="1.0" encoding="UTF-8"?>
<!-- Generated by org.testng.reporters.JUnitReportReporter -->
<testsuite hostname="YolandeH-Dell2" failures="0" tests="1" name="loans.HomeLoan2" time="0.001" errors="0" timestamp="2022-03-23T21:46:28 SAST" skipped="0">
  <testcase classname="loans.HomeLoan2" name="homeLoanFraudTest" time="0.001"/>
  <system-out/>
</testsuite> <!-- loans.HomeLoan2 -->
