<?xml version="1.0" encoding="UTF-8"?>
<!-- Generated by org.testng.reporters.JUnitReportReporter -->
<testsuite hostname="YolandeH-Dell2" failures="0" tests="2" name="loans.HomeLoan1" time="0.008" errors="0" timestamp="2022-03-23T21:46:28 SAST" skipped="0">
  <testcase classname="loans.HomeLoan1" name="homeLoan1" time="0.007"/>
  <system-out/>
  <testcase classname="loans.HomeLoan1" name="homeLoan2" time="0.001"/>
  <system-out/>
</testsuite> <!-- loans.HomeLoan1 -->
