<?xml version="1.0" encoding="UTF-8"?>
<!-- Generated by org.testng.reporters.JUnitReportReporter -->
<testsuite hostname="YolandeH-Dell2" failures="0" tests="1" name="annotations.Home_loan" time="0.001" errors="0" timestamp="2022-03-26T17:03:29 SAST" skipped="0">
  <testcase classname="annotations.Home_loan" name="MobileLoginHomeLoan" time="0.001"/>
  <system-out/>
</testsuite> <!-- annotations.Home_loan -->
