<?xml version="1.0" encoding="UTF-8"?>
<!-- Generated by org.testng.reporters.JUnitReportReporter -->
<testsuite hostname="YolandeH-Dell2" failures="0" tests="2" name="first.FirstTestNG" time="0.009" errors="0" timestamp="2022-03-22T08:33:05 SAST" skipped="0">
  <testcase classname="first.FirstTestNG" name="second" time="0.001"/>
  <system-out/>
  <testcase classname="first.FirstTestNG" name="first1" time="0.008"/>
  <system-out/>
</testsuite> <!-- first.FirstTestNG -->
